============== begin ==============
('1334614', 'A', '5215703100000000000', '521', 'CIR', '5215704099999999999', 'CIR', '02', '00000014796', '1', '0080255', 'ARE', '784', 'E', '   ', ' ', 'N', 'N', 'N', 'CIR', ' ', 'N', '000000', '840', '2', '0000000000000000000000000000', ' ', '000000', 'N', 'N', '   ', '000000', 'N', 'N', 'N', 'N', '2014-08-28 17:06:35', '2014-08-28 09:06:35')
('1400314', 'A', '5215703600000000000', '521', 'CIR', '5215704099999999999', 'CIR', '02', '00000014796', '1', '0080255', 'ARE', '784', 'E', '   ', ' ', 'N', 'N', 'N', 'CIR', ' ', 'N', '000000', '840', '2', '0000000000000000000000000000', ' ', '000000', 'N', 'N', '   ', '000000', 'N', 'N', 'N', 'N', '2014-08-28 17:06:35', '2014-08-28 09:06:35')
==============  end  ==============
============== begin ==============
('1333314', 'A', '5377950000000000000', '537', 'MCW', '5377959999999999999', 'MCC', '01', '00000014934', '1', '0002566', 'ARE', '784', 'E', 'MCW', ' ', 'N', 'N', 'N', 'MCW', ' ', 'N', '000000', '784', '2', '0000000000000000000000000000', ' ', '000000', 'N', 'N', '   ', '000000', 'N', 'N', 'N', 'N', '2014-08-28 17:07:05', '2014-08-28 09:07:05')
('1400914', 'A', '5377950000500000000', '537', 'MCW', '5377950000599999999', 'MCC', '01', '00000014934', '1', '0002566', 'ARE', '784', 'E', 'MCW', ' ', 'N', 'N', 'N', 'MCW', ' ', 'N', '000000', '784', '2', '0000000000000000000000000000', ' ', '000000', 'N', 'N', '   ', '000000', 'N', 'N', 'N', 'N', '2014-08-28 17:07:05', '2014-08-28 09:07:05')
==============  end  ==============
============== begin ==============
('1333314', 'A', '5220200000000000000', '522', 'MPL', '5220209999999999999', 'MCC', '01', '00000014934', '1', '0002566', 'ARE', '784', 'E', 'MPL', ' ', 'N', 'N', 'N', 'MPL', ' ', 'N', '000000', '784', '2', '0000000000000000000000000000', ' ', '000000', 'N', 'N', '   ', '000000', 'N', 'N', 'N', 'N', '2014-08-28 17:06:36', '2014-08-28 09:06:36')
('1400914', 'A', '5220200000300000000', '522', 'MPL', '5220200000399999999', 'MCC', '01', '00000014934', '1', '0002566', 'ARE', '784', 'E', 'MPL', ' ', 'N', 'N', 'N', 'MPL', ' ', 'N', '000000', '784', '2', '0000000000000000000000000000', ' ', '000000', 'N', 'N', '   ', '000000', 'N', 'N', 'N', 'N', '2014-08-28 17:06:36', '2014-08-28 09:06:36')
==============  end  ==============
============== begin ==============
('1333314', 'A', '5175900000000000000', '517', 'MRG', '5175909999999999999', 'MCC', '01', '00000014934', '1', '0002566', 'ARE', '784', 'E', 'MRG', ' ', 'N', 'N', 'N', 'MRG', ' ', 'N', '000000', '784', '2', '0000000000000000000000000000', ' ', '000000', 'N', 'N', '   ', '000000', 'N', 'N', 'N', 'N', '2014-08-28 17:06:27', '2014-08-28 09:06:27')
('1400914', 'A', '5175900000200000000', '517', 'MRG', '5175900000599999999', 'MCC', '01', '00000014934', '1', '0002566', 'ARE', '784', 'E', 'MRG', ' ', 'N', 'N', 'N', 'MRG', ' ', 'N', '000000', '784', '2', '0000000000000000000000000000', ' ', '000000', 'N', 'N', '   ', '000000', 'N', 'N', 'N', 'N', '2014-08-28 17:06:27', '2014-08-28 09:06:27')
==============  end  ==============
============== begin ==============
('1334614', 'A', '5215703100000000000', '521', 'MRG', '5215704099999999999', 'MCC', '01', '00000014796', '1', '0083257', 'ARE', '784', 'E', 'MRG', ' ', 'N', 'N', 'N', 'MRG', ' ', 'N', '000000', '840', '2', '0000000000000000000000000000', ' ', '000000', 'N', 'N', '   ', '000000', 'N', 'N', 'N', 'N', '2014-08-28 17:06:35', '2014-08-28 09:06:35')
('1400314', 'A', '5215703600000000000', '521', 'MRG', '5215704099999999999', 'MCC', '01', '00000014796', '1', '0083257', 'ARE', '784', 'E', 'MRG', ' ', 'N', 'N', 'N', 'MRG', ' ', 'N', '000000', '840', '2', '0000000000000000000000000000', ' ', '000000', 'N', 'N', '   ', '000000', 'N', 'N', 'N', 'N', '2014-08-28 17:06:35', '2014-08-28 09:06:35')
==============  end  ==============
